Using pre-set license
Built from '6000.1/staging' branch; Version is '6000.1.2f1 (8e2281df4c52) revision 9314945'; Using compiler version '194234433'; Build Type 'Release'
OS: 'Windows 10  (10.0.19045) 64bit Professional' Language: 'es' Physical Memory: 16288 MB
BatchMode: 1, IsHumanControllingUs: 0, StartBugReporterOnCrash: 0, Is64bit: 1, IsPro: 1
Date: 2025-05-13T20:07:27Z

COMMAND LINE ARGUMENTS:
C:\Program Files\Unity\Hub\Editor\6000.1.2f1\Editor\Unity.exe
-adb2
-batchMode
-noUpm
-name
AssetImportWorker0
-projectPath
D:/PIRINEO/prueba
-logFile
Logs/AssetImportWorker0.log
-srvPort
54384
-job-worker-count
5
-background-job-worker-count
8
-gc-helper-count
1
-name
AssetImport
Successfully changed project path to: D:/PIRINEO/prueba
D:/PIRINEO/prueba
[UnityMemory] Configuration Parameters - Can be set up in boot.config
    "memorysetup-allocator-temp-initial-block-size-main=262144"
    "memorysetup-allocator-temp-initial-block-size-worker=262144"
    "memorysetup-bucket-allocator-granularity=16"
    "memorysetup-bucket-allocator-bucket-count=8"
    "memorysetup-bucket-allocator-block-size=33554432"
    "memorysetup-bucket-allocator-block-count=8"
    "memorysetup-main-allocator-block-size=16777216"
    "memorysetup-thread-allocator-block-size=16777216"
    "memorysetup-gfx-main-allocator-block-size=16777216"
    "memorysetup-gfx-thread-allocator-block-size=16777216"
    "memorysetup-cache-allocator-block-size=4194304"
    "memorysetup-typetree-allocator-block-size=2097152"
    "memorysetup-profiler-bucket-allocator-granularity=16"
    "memorysetup-profiler-bucket-allocator-bucket-count=8"
    "memorysetup-profiler-bucket-allocator-block-size=33554432"
    "memorysetup-profiler-bucket-allocator-block-count=8"
    "memorysetup-profiler-allocator-block-size=16777216"
    "memorysetup-profiler-editor-allocator-block-size=1048576"
    "memorysetup-temp-allocator-size-main=16777216"
    "memorysetup-job-temp-allocator-block-size=2097152"
    "memorysetup-job-temp-allocator-block-size-background=1048576"
    "memorysetup-job-temp-allocator-reduction-small-platforms=262144"
    "memorysetup-temp-allocator-size-background-worker=32768"
    "memorysetup-temp-allocator-size-job-worker=262144"
    "memorysetup-temp-allocator-size-preload-manager=33554432"
    "memorysetup-temp-allocator-size-nav-mesh-worker=65536"
    "memorysetup-temp-allocator-size-audio-worker=65536"
    "memorysetup-temp-allocator-size-cloud-worker=32768"
    "memorysetup-temp-allocator-size-gi-baking-worker=262144"
    "memorysetup-temp-allocator-size-gi-baking-worker=262144"
    "memorysetup-temp-allocator-size-gi-baking-worker=262144"
    "memorysetup-temp-allocator-size-gi-baking-worker=262144"
    "memorysetup-temp-allocator-size-gi-baking-worker=262144"
    "memorysetup-temp-allocator-size-gfx=262144"
Player connection [5380]  Target information:

Player connection [5380]  * "[IP] 192.168.1.81 [Port] 0 [Flags] 2 [Guid] 57295786 [EditorId] 57295786 [Version] 1048832 [Id] WindowsEditor(7,DESKTOP-77H1RF3) [Debug] 1 [PackageName] WindowsEditor [ProjectName] Editor" 

Player connection [5380]  * "[IP] 192.168.56.1 [Port] 0 [Flags] 2 [Guid] 57295786 [EditorId] 57295786 [Version] 1048832 [Id] WindowsEditor(7,DESKTOP-77H1RF3) [Debug] 1 [PackageName] WindowsEditor [ProjectName] Editor" 

Player connection [5380] Host joined multi-casting on [225.0.0.222:54997]...
Player connection [5380] Host joined alternative multi-casting on [225.0.0.222:34997]...
JobSystem: Creating JobQueue using job-worker-count value 5
Input System module state changed to: Initialized.
[Physics::Module] Initialized fallback backend.
[Physics::Module] Id: 0xdecafbad
Library Redirect Path: Library/
[Physics::Module] Selected backend.
[Physics::Module] Name: PhysX
[Physics::Module] Id: 0xf2b8ea05
[Physics::Module] SDK Version: 4.1.2
[Physics::Module] Integration Version: 1.0.0
[Physics::Module] Threading Mode: Multi-Threaded
Refreshing native plugins compatible for Editor in 3.37 ms, found 3 plugins.
Preloading 0 native plugins for Editor in 0.00 ms.
Initialize engine version: 6000.1.2f1 (8e2281df4c52)
[Subsystems] Discovering subsystems at path C:/Program Files/Unity/Hub/Editor/6000.1.2f1/Editor/Data/Resources/UnitySubsystems
[Subsystems] Discovering subsystems at path D:/PIRINEO/prueba/Assets
GfxDevice: creating device client; kGfxThreadingModeNonThreaded
Direct3D:
    Version:         Direct3D 12 [level 12.1]
    Renderer:        NVIDIA GeForce GTX 1660 SUPER (ID=0x21c4)
    Vendor:          NVIDIA
    VRAM:            5966 MB
    App VRAM Budget: 5198 MB
    Driver:          32.0.15.7283
Shader 'TextMeshPro/Distance Field SSD': fallback shader 'TextMeshPro/Mobile/Distance Field' not found
Shader 'TextMeshPro/Distance Field': fallback shader 'TextMeshPro/Mobile/Distance Field' not found
Shader 'TextMeshPro/Distance Field Overlay': fallback shader 'TextMeshPro/Mobile/Distance Field' not found
Initialize mono
Mono path[0] = 'C:/Program Files/Unity/Hub/Editor/6000.1.2f1/Editor/Data/Managed'
Mono path[1] = 'C:/Program Files/Unity/Hub/Editor/6000.1.2f1/Editor/Data/MonoBleedingEdge/lib/mono/unityjit-win32'
Mono config path = 'C:/Program Files/Unity/Hub/Editor/6000.1.2f1/Editor/Data/MonoBleedingEdge/etc'
Using monoOptions --debugger-agent=transport=dt_socket,embedding=1,server=y,suspend=n,address=127.0.0.1:56904
Begin MonoManager ReloadAssembly
Registering precompiled unity dll's ...
Register platform support module: C:/Program Files/Unity/Hub/Editor/6000.1.2f1/Editor/Data/PlaybackEngines/WebGLSupport/UnityEditor.WebGL.Extensions.dll
Register platform support module: C:/Program Files/Unity/Hub/Editor/6000.1.2f1/Editor/Data/PlaybackEngines/WindowsStandaloneSupport/UnityEditor.WindowsStandalone.Extensions.dll
Registered in 0.004931 seconds.
- Loaded All Assemblies, in  0.611 seconds
Native extension for WindowsStandalone target not found
Native extension for WebGL target not found
Mono: successfully reloaded assembly
- Finished resetting the current domain, in  0.431 seconds
Domain Reload Profiling: 1038ms
	BeginReloadAssembly (234ms)
		ExecutionOrderSort (0ms)
		DisableScriptedObjects (0ms)
		BackupInstance (0ms)
		ReleaseScriptingObjects (0ms)
		CreateAndSetChildDomain (1ms)
	RebuildCommonClasses (53ms)
	RebuildNativeTypeToScriptingClass (15ms)
	initialDomainReloadingComplete (72ms)
	LoadAllAssembliesAndSetupDomain (233ms)
		LoadAssemblies (230ms)
		RebuildTransferFunctionScriptingTraits (0ms)
		AnalyzeDomain (227ms)
			TypeCache.Refresh (225ms)
				TypeCache.ScanAssembly (200ms)
			BuildScriptInfoCaches (0ms)
			ResolveRequiredComponents (1ms)
	FinalizeReload (431ms)
		ReleaseScriptCaches (0ms)
		RebuildScriptCaches (0ms)
		SetupLoadedEditorAssemblies (374ms)
			LogAssemblyErrors (0ms)
			InitializePlatformSupportModulesInManaged (70ms)
			SetLoadedEditorAssemblies (4ms)
			BeforeProcessingInitializeOnLoad (76ms)
			ProcessInitializeOnLoadAttributes (158ms)
			ProcessInitializeOnLoadMethodAttributes (66ms)
			AfterProcessingInitializeOnLoad (0ms)
			EditorAssembliesLoaded (0ms)
		ExecutionOrderSort2 (0ms)
		AwakeInstancesAfterBackupRestoration (0ms)
========================================================================
Worker process is ready to serve import requests
Import Worker Mode flag is 0x00
Begin MonoManager ReloadAssembly
- Loaded All Assemblies, in  1.042 seconds
Refreshing native plugins compatible for Editor in 0.86 ms, found 3 plugins.
Native extension for WindowsStandalone target not found
Native extension for WebGL target not found
Mono: successfully reloaded assembly
- Finished resetting the current domain, in  0.686 seconds
Domain Reload Profiling: 1725ms
	BeginReloadAssembly (278ms)
		ExecutionOrderSort (0ms)
		DisableScriptedObjects (10ms)
		BackupInstance (0ms)
		ReleaseScriptingObjects (0ms)
		CreateAndSetChildDomain (51ms)
	RebuildCommonClasses (48ms)
	RebuildNativeTypeToScriptingClass (14ms)
	initialDomainReloadingComplete (47ms)
	LoadAllAssembliesAndSetupDomain (651ms)
		LoadAssemblies (554ms)
		RebuildTransferFunctionScriptingTraits (0ms)
		AnalyzeDomain (259ms)
			TypeCache.Refresh (216ms)
				TypeCache.ScanAssembly (186ms)
			BuildScriptInfoCaches (35ms)
			ResolveRequiredComponents (5ms)
	FinalizeReload (687ms)
		ReleaseScriptCaches (0ms)
		RebuildScriptCaches (0ms)
		SetupLoadedEditorAssemblies (544ms)
			LogAssemblyErrors (0ms)
			InitializePlatformSupportModulesInManaged (2ms)
			SetLoadedEditorAssemblies (4ms)
			BeforeProcessingInitializeOnLoad (124ms)
			ProcessInitializeOnLoadAttributes (373ms)
			ProcessInitializeOnLoadMethodAttributes (33ms)
			AfterProcessingInitializeOnLoad (8ms)
			EditorAssembliesLoaded (0ms)
		ExecutionOrderSort2 (0ms)
		AwakeInstancesAfterBackupRestoration (6ms)
Launched and connected shader compiler UnityShaderCompiler.exe after 0.02 seconds
Refreshing native plugins compatible for Editor in 0.88 ms, found 3 plugins.
Preloading 0 native plugins for Editor in 0.00 ms.
Unloading 22 Unused Serialized files (Serialized files now loaded: 0)
Unloading 3719 unused Assets / (1.3 MB). Loaded Objects now: 4224.
Memory consumption went from 88.2 MB to 86.9 MB.
Total: 8.391700 ms (FindLiveObjects: 0.831300 ms CreateObjectMapping: 0.650300 ms MarkObjects: 5.401200 ms  DeleteObjects: 1.507800 ms)

========================================================================
Received Import Request.
  Time since last request: 20436.601997 seconds.
  path: Assets/Materials/EndMaterial.mat
  artifactKey: Guid(d419b018e97d08b49bfb56ce7ca9d6f2) Importer(815301076,1909f56bfc062723c751e8b465ee728b)
Start importing Assets/Materials/EndMaterial.mat using Guid(d419b018e97d08b49bfb56ce7ca9d6f2) Importer(815301076,1909f56bfc062723c751e8b465ee728b) (PreviewImporter) -> (artifact id: '3c751e6189d336c6ceddef7f920740fd') in 0.270347 seconds
Number of updated asset objects reloaded before import = 0Number of asset objects unloaded after import = 1

========================================================================
Received Import Request.
  Time since last request: 0.000032 seconds.
  path: Assets/TextMesh Pro/Fonts/LiberationSans.ttf
  artifactKey: Guid(e3265ab4bf004d28a9537516768c1c75) Importer(815301076,1909f56bfc062723c751e8b465ee728b)
Start importing Assets/TextMesh Pro/Fonts/LiberationSans.ttf using Guid(e3265ab4bf004d28a9537516768c1c75) Importer(815301076,1909f56bfc062723c751e8b465ee728b) (PreviewImporter) -> (artifact id: 'ad399ca31be5e92e50be907a795aac41') in 0.1705842 seconds
Number of updated asset objects reloaded before import = 0Number of asset objects unloaded after import = 4

========================================================================
Received Import Request.
  Time since last request: 0.000032 seconds.
  path: Assets/TextMesh Pro/Resources/Fonts & Materials/LiberationSans SDF.asset
  artifactKey: Guid(8f586378b4e144a9851e7b34d9b748ee) Importer(815301076,1909f56bfc062723c751e8b465ee728b)
Start importing Assets/TextMesh Pro/Resources/Fonts & Materials/LiberationSans SDF.asset using Guid(8f586378b4e144a9851e7b34d9b748ee) Importer(815301076,1909f56bfc062723c751e8b465ee728b) (PreviewImporter) -> (artifact id: '34e9cd96513d2bf9ae8036a291b7cfdc') in 0.2009675 seconds
Number of updated asset objects reloaded before import = 0Number of asset objects unloaded after import = 9

========================================================================
Received Prepare
Begin MonoManager ReloadAssembly
- Loaded All Assemblies, in  0.702 seconds
Refreshing native plugins compatible for Editor in 0.65 ms, found 3 plugins.
Native extension for WindowsStandalone target not found
Native extension for WebGL target not found
Mono: successfully reloaded assembly
- Finished resetting the current domain, in  0.623 seconds
Domain Reload Profiling: 1323ms
	BeginReloadAssembly (220ms)
		ExecutionOrderSort (0ms)
		DisableScriptedObjects (6ms)
		BackupInstance (0ms)
		ReleaseScriptingObjects (0ms)
		CreateAndSetChildDomain (46ms)
	RebuildCommonClasses (44ms)
	RebuildNativeTypeToScriptingClass (14ms)
	initialDomainReloadingComplete (30ms)
	LoadAllAssembliesAndSetupDomain (393ms)
		LoadAssemblies (342ms)
		RebuildTransferFunctionScriptingTraits (0ms)
		AnalyzeDomain (165ms)
			TypeCache.Refresh (12ms)
				TypeCache.ScanAssembly (0ms)
			BuildScriptInfoCaches (143ms)
			ResolveRequiredComponents (6ms)
	FinalizeReload (623ms)
		ReleaseScriptCaches (0ms)
		RebuildScriptCaches (0ms)
		SetupLoadedEditorAssemblies (486ms)
			LogAssemblyErrors (0ms)
			InitializePlatformSupportModulesInManaged (3ms)
			SetLoadedEditorAssemblies (4ms)
			BeforeProcessingInitializeOnLoad (106ms)
			ProcessInitializeOnLoadAttributes (335ms)
			ProcessInitializeOnLoadMethodAttributes (28ms)
			AfterProcessingInitializeOnLoad (10ms)
			EditorAssembliesLoaded (0ms)
		ExecutionOrderSort2 (0ms)
		AwakeInstancesAfterBackupRestoration (6ms)
Refreshing native plugins compatible for Editor in 0.69 ms, found 3 plugins.
Preloading 0 native plugins for Editor in 0.00 ms.
Unloading 0 Unused Serialized files (Serialized files now loaded: 0)
Unloading 3717 unused Assets / (1.1 MB). Loaded Objects now: 4272.
Memory consumption went from 89.8 MB to 88.7 MB.
Total: 8.984700 ms (FindLiveObjects: 0.845100 ms CreateObjectMapping: 0.714900 ms MarkObjects: 6.288500 ms  DeleteObjects: 1.134600 ms)

Prepare: number of updated asset objects reloaded= 0
========================================================================
Received Prepare
Begin MonoManager ReloadAssembly
- Loaded All Assemblies, in  0.806 seconds
Refreshing native plugins compatible for Editor in 0.66 ms, found 3 plugins.
Native extension for WindowsStandalone target not found
Native extension for WebGL target not found
Mono: successfully reloaded assembly
- Finished resetting the current domain, in  0.734 seconds
Domain Reload Profiling: 1536ms
	BeginReloadAssembly (251ms)
		ExecutionOrderSort (0ms)
		DisableScriptedObjects (9ms)
		BackupInstance (0ms)
		ReleaseScriptingObjects (0ms)
		CreateAndSetChildDomain (57ms)
	RebuildCommonClasses (44ms)
	RebuildNativeTypeToScriptingClass (18ms)
	initialDomainReloadingComplete (32ms)
	LoadAllAssembliesAndSetupDomain (457ms)
		LoadAssemblies (408ms)
		RebuildTransferFunctionScriptingTraits (0ms)
		AnalyzeDomain (178ms)
			TypeCache.Refresh (14ms)
				TypeCache.ScanAssembly (0ms)
			BuildScriptInfoCaches (150ms)
			ResolveRequiredComponents (9ms)
	FinalizeReload (734ms)
		ReleaseScriptCaches (0ms)
		RebuildScriptCaches (0ms)
		SetupLoadedEditorAssemblies (577ms)
			LogAssemblyErrors (0ms)
			InitializePlatformSupportModulesInManaged (4ms)
			SetLoadedEditorAssemblies (4ms)
			BeforeProcessingInitializeOnLoad (131ms)
			ProcessInitializeOnLoadAttributes (396ms)
			ProcessInitializeOnLoadMethodAttributes (33ms)
			AfterProcessingInitializeOnLoad (10ms)
			EditorAssembliesLoaded (0ms)
		ExecutionOrderSort2 (0ms)
		AwakeInstancesAfterBackupRestoration (6ms)
Refreshing native plugins compatible for Editor in 0.96 ms, found 3 plugins.
Preloading 0 native plugins for Editor in 0.00 ms.
Unloading 0 Unused Serialized files (Serialized files now loaded: 0)
Unloading 3717 unused Assets / (1.1 MB). Loaded Objects now: 4272.
Memory consumption went from 90.5 MB to 89.4 MB.
Total: 9.693600 ms (FindLiveObjects: 0.646200 ms CreateObjectMapping: 0.464200 ms MarkObjects: 7.426200 ms  DeleteObjects: 1.155500 ms)

Prepare: number of updated asset objects reloaded= 0
========================================================================
Received Prepare
Refreshing native plugins compatible for Editor in 0.91 ms, found 3 plugins.
Preloading 0 native plugins for Editor in 0.00 ms.
Unloading 0 Unused Serialized files (Serialized files now loaded: 0)
Unloading 3711 unused Assets / (1.1 MB). Loaded Objects now: 4273.
Memory consumption went from 91.4 MB to 90.3 MB.
Total: 9.357000 ms (FindLiveObjects: 0.600800 ms CreateObjectMapping: 0.508500 ms MarkObjects: 6.913900 ms  DeleteObjects: 1.332500 ms)

Prepare: number of updated asset objects reloaded= 0
========================================================================
Received Import Request.
  Time since last request: 1342.517835 seconds.
  path: Assets/Scripts/NewMonoBehaviourScript.cs
  artifactKey: Guid(af0e52a9320367542ae4b1da2c2a6f23) Importer(815301076,1909f56bfc062723c751e8b465ee728b)
Start importing Assets/Scripts/NewMonoBehaviourScript.cs using Guid(af0e52a9320367542ae4b1da2c2a6f23) Importer(815301076,1909f56bfc062723c751e8b465ee728b) (PreviewImporter) -> (artifact id: '00000000000000000000000000000000') in 0.0021736 seconds
Import Error Code:(4)
Message: Build asset version error: assets/scripts/newmonobehaviourscript.cs.meta in SourceAssetDB has modification time of '2025-05-13T19:54:37Z' while content on disk has modification time of '2025-05-13T19:54:38Z'
  ERROR: Build asset version error: assets/scripts/newmonobehaviourscript.cs.meta in SourceAssetDB has modification time of '2025-05-13T19:54:37Z' while content on disk has modification time of '2025-05-13T19:54:38Z'
Number of updated asset objects reloaded before import = 0Number of asset objects unloaded after import = 0

========================================================================
Received Import Request.
  Time since last request: 0.005528 seconds.
  path: Assets/Scripts/NewMonoBehaviourScript.cs
  artifactKey: Guid(af0e52a9320367542ae4b1da2c2a6f23) Importer(815301076,1909f56bfc062723c751e8b465ee728b)
Start importing Assets/Scripts/NewMonoBehaviourScript.cs using Guid(af0e52a9320367542ae4b1da2c2a6f23) Importer(815301076,1909f56bfc062723c751e8b465ee728b) (PreviewImporter) -> (artifact id: '00000000000000000000000000000000') in 0.0005913 seconds
Import Error Code:(4)
Message: Build asset version error: assets/scripts/newmonobehaviourscript.cs.meta in SourceAssetDB has modification time of '2025-05-13T19:54:37Z' while content on disk has modification time of '2025-05-13T19:54:38Z'
  ERROR: Build asset version error: assets/scripts/newmonobehaviourscript.cs.meta in SourceAssetDB has modification time of '2025-05-13T19:54:37Z' while content on disk has modification time of '2025-05-13T19:54:38Z'
Number of updated asset objects reloaded before import = 0Number of asset objects unloaded after import = 0

========================================================================
Received Import Request.
  Time since last request: 0.011341 seconds.
  path: Assets/Scripts/NewMonoBehaviourScript.cs
  artifactKey: Guid(af0e52a9320367542ae4b1da2c2a6f23) Importer(815301076,1909f56bfc062723c751e8b465ee728b)
Start importing Assets/Scripts/NewMonoBehaviourScript.cs using Guid(af0e52a9320367542ae4b1da2c2a6f23) Importer(815301076,1909f56bfc062723c751e8b465ee728b) (PreviewImporter) -> (artifact id: '00000000000000000000000000000000') in 0.0004911 seconds
Import Error Code:(4)
Message: Build asset version error: assets/scripts/newmonobehaviourscript.cs.meta in SourceAssetDB has modification time of '2025-05-13T19:54:37Z' while content on disk has modification time of '2025-05-13T19:54:38Z'
  ERROR: Build asset version error: assets/scripts/newmonobehaviourscript.cs.meta in SourceAssetDB has modification time of '2025-05-13T19:54:37Z' while content on disk has modification time of '2025-05-13T19:54:38Z'
Number of updated asset objects reloaded before import = 0Number of asset objects unloaded after import = 0

========================================================================
Received Import Request.
  Time since last request: 0.115679 seconds.
  path: Assets/Scripts/NewMonoBehaviourScript.cs
  artifactKey: Guid(af0e52a9320367542ae4b1da2c2a6f23) Importer(815301076,1909f56bfc062723c751e8b465ee728b)
Start importing Assets/Scripts/NewMonoBehaviourScript.cs using Guid(af0e52a9320367542ae4b1da2c2a6f23) Importer(815301076,1909f56bfc062723c751e8b465ee728b) (PreviewImporter) -> (artifact id: '00000000000000000000000000000000') in 0.0004155 seconds
Import Error Code:(4)
Message: Build asset version error: assets/scripts/newmonobehaviourscript.cs.meta in SourceAssetDB has modification time of '2025-05-13T19:54:37Z' while content on disk has modification time of '2025-05-13T19:54:38Z'
  ERROR: Build asset version error: assets/scripts/newmonobehaviourscript.cs.meta in SourceAssetDB has modification time of '2025-05-13T19:54:37Z' while content on disk has modification time of '2025-05-13T19:54:38Z'
Number of updated asset objects reloaded before import = 0Number of asset objects unloaded after import = 0

========================================================================
Received Import Request.
  Time since last request: 0.198928 seconds.
  path: Assets/Scripts/NewMonoBehaviourScript.cs
  artifactKey: Guid(af0e52a9320367542ae4b1da2c2a6f23) Importer(815301076,1909f56bfc062723c751e8b465ee728b)
Start importing Assets/Scripts/NewMonoBehaviourScript.cs using Guid(af0e52a9320367542ae4b1da2c2a6f23) Importer(815301076,1909f56bfc062723c751e8b465ee728b) (PreviewImporter) -> (artifact id: '00000000000000000000000000000000') in 0.000422 seconds
Import Error Code:(4)
Message: Build asset version error: assets/scripts/newmonobehaviourscript.cs.meta in SourceAssetDB has modification time of '2025-05-13T19:54:37Z' while content on disk has modification time of '2025-05-13T19:54:38Z'
  ERROR: Build asset version error: assets/scripts/newmonobehaviourscript.cs.meta in SourceAssetDB has modification time of '2025-05-13T19:54:37Z' while content on disk has modification time of '2025-05-13T19:54:38Z'
Number of updated asset objects reloaded before import = 0Number of asset objects unloaded after import = 0

========================================================================
Received Import Request.
  Time since last request: 0.199258 seconds.
  path: Assets/Scripts/NewMonoBehaviourScript.cs
  artifactKey: Guid(af0e52a9320367542ae4b1da2c2a6f23) Importer(815301076,1909f56bfc062723c751e8b465ee728b)
Start importing Assets/Scripts/NewMonoBehaviourScript.cs using Guid(af0e52a9320367542ae4b1da2c2a6f23) Importer(815301076,1909f56bfc062723c751e8b465ee728b) (PreviewImporter) -> (artifact id: '00000000000000000000000000000000') in 0.0004687 seconds
Import Error Code:(4)
Message: Build asset version error: assets/scripts/newmonobehaviourscript.cs.meta in SourceAssetDB has modification time of '2025-05-13T19:54:37Z' while content on disk has modification time of '2025-05-13T19:54:38Z'
  ERROR: Build asset version error: assets/scripts/newmonobehaviourscript.cs.meta in SourceAssetDB has modification time of '2025-05-13T19:54:37Z' while content on disk has modification time of '2025-05-13T19:54:38Z'
Number of updated asset objects reloaded before import = 0Number of asset objects unloaded after import = 0

========================================================================
Received Import Request.
  Time since last request: 0.198849 seconds.
  path: Assets/Scripts/NewMonoBehaviourScript.cs
  artifactKey: Guid(af0e52a9320367542ae4b1da2c2a6f23) Importer(815301076,1909f56bfc062723c751e8b465ee728b)
Start importing Assets/Scripts/NewMonoBehaviourScript.cs using Guid(af0e52a9320367542ae4b1da2c2a6f23) Importer(815301076,1909f56bfc062723c751e8b465ee728b) (PreviewImporter) -> (artifact id: '00000000000000000000000000000000') in 0.0004655 seconds
Import Error Code:(4)
Message: Build asset version error: assets/scripts/newmonobehaviourscript.cs.meta in SourceAssetDB has modification time of '2025-05-13T19:54:37Z' while content on disk has modification time of '2025-05-13T19:54:38Z'
  ERROR: Build asset version error: assets/scripts/newmonobehaviourscript.cs.meta in SourceAssetDB has modification time of '2025-05-13T19:54:37Z' while content on disk has modification time of '2025-05-13T19:54:38Z'
Number of updated asset objects reloaded before import = 0Number of asset objects unloaded after import = 0

========================================================================
Received Import Request.
  Time since last request: 0.199159 seconds.
  path: Assets/Scripts/NewMonoBehaviourScript.cs
  artifactKey: Guid(af0e52a9320367542ae4b1da2c2a6f23) Importer(815301076,1909f56bfc062723c751e8b465ee728b)
Start importing Assets/Scripts/NewMonoBehaviourScript.cs using Guid(af0e52a9320367542ae4b1da2c2a6f23) Importer(815301076,1909f56bfc062723c751e8b465ee728b) (PreviewImporter) -> (artifact id: '00000000000000000000000000000000') in 0.0005061 seconds
Import Error Code:(4)
Message: Build asset version error: assets/scripts/newmonobehaviourscript.cs.meta in SourceAssetDB has modification time of '2025-05-13T19:54:37Z' while content on disk has modification time of '2025-05-13T19:54:38Z'
  ERROR: Build asset version error: assets/scripts/newmonobehaviourscript.cs.meta in SourceAssetDB has modification time of '2025-05-13T19:54:37Z' while content on disk has modification time of '2025-05-13T19:54:38Z'
Number of updated asset objects reloaded before import = 0Number of asset objects unloaded after import = 0

========================================================================
Received Import Request.
  Time since last request: 0.199118 seconds.
  path: Assets/Scripts/NewMonoBehaviourScript.cs
  artifactKey: Guid(af0e52a9320367542ae4b1da2c2a6f23) Importer(815301076,1909f56bfc062723c751e8b465ee728b)
Start importing Assets/Scripts/NewMonoBehaviourScript.cs using Guid(af0e52a9320367542ae4b1da2c2a6f23) Importer(815301076,1909f56bfc062723c751e8b465ee728b) (PreviewImporter) -> (artifact id: '00000000000000000000000000000000') in 0.0004517 seconds
Import Error Code:(4)
Message: Build asset version error: assets/scripts/newmonobehaviourscript.cs.meta in SourceAssetDB has modification time of '2025-05-13T19:54:37Z' while content on disk has modification time of '2025-05-13T19:54:38Z'
  ERROR: Build asset version error: assets/scripts/newmonobehaviourscript.cs.meta in SourceAssetDB has modification time of '2025-05-13T19:54:37Z' while content on disk has modification time of '2025-05-13T19:54:38Z'
Number of updated asset objects reloaded before import = 0Number of asset objects unloaded after import = 0

========================================================================
Received Import Request.
  Time since last request: 0.199018 seconds.
  path: Assets/Scripts/NewMonoBehaviourScript.cs
  artifactKey: Guid(af0e52a9320367542ae4b1da2c2a6f23) Importer(815301076,1909f56bfc062723c751e8b465ee728b)
Start importing Assets/Scripts/NewMonoBehaviourScript.cs using Guid(af0e52a9320367542ae4b1da2c2a6f23) Importer(815301076,1909f56bfc062723c751e8b465ee728b) (PreviewImporter) -> (artifact id: '00000000000000000000000000000000') in 0.0004498 seconds
Import Error Code:(4)
Message: Build asset version error: assets/scripts/newmonobehaviourscript.cs.meta in SourceAssetDB has modification time of '2025-05-13T19:54:37Z' while content on disk has modification time of '2025-05-13T19:54:38Z'
  ERROR: Build asset version error: assets/scripts/newmonobehaviourscript.cs.meta in SourceAssetDB has modification time of '2025-05-13T19:54:37Z' while content on disk has modification time of '2025-05-13T19:54:38Z'
Number of updated asset objects reloaded before import = 0Number of asset objects unloaded after import = 0

========================================================================
Received Import Request.
  Time since last request: 0.199707 seconds.
  path: Assets/Scripts/NewMonoBehaviourScript.cs
  artifactKey: Guid(af0e52a9320367542ae4b1da2c2a6f23) Importer(815301076,1909f56bfc062723c751e8b465ee728b)
Start importing Assets/Scripts/NewMonoBehaviourScript.cs using Guid(af0e52a9320367542ae4b1da2c2a6f23) Importer(815301076,1909f56bfc062723c751e8b465ee728b) (PreviewImporter) -> (artifact id: '00000000000000000000000000000000') in 0.00041 seconds
Import Error Code:(4)
Message: Build asset version error: assets/scripts/newmonobehaviourscript.cs.meta in SourceAssetDB has modification time of '2025-05-13T19:54:37Z' while content on disk has modification time of '2025-05-13T19:54:38Z'
  ERROR: Build asset version error: assets/scripts/newmonobehaviourscript.cs.meta in SourceAssetDB has modification time of '2025-05-13T19:54:37Z' while content on disk has modification time of '2025-05-13T19:54:38Z'
Number of updated asset objects reloaded before import = 0Number of asset objects unloaded after import = 0

========================================================================
Received Import Request.
  Time since last request: 0.198570 seconds.
  path: Assets/Scripts/NewMonoBehaviourScript.cs
  artifactKey: Guid(af0e52a9320367542ae4b1da2c2a6f23) Importer(815301076,1909f56bfc062723c751e8b465ee728b)
Start importing Assets/Scripts/NewMonoBehaviourScript.cs using Guid(af0e52a9320367542ae4b1da2c2a6f23) Importer(815301076,1909f56bfc062723c751e8b465ee728b) (PreviewImporter) -> (artifact id: '00000000000000000000000000000000') in 0.0004807 seconds
Import Error Code:(4)
Message: Build asset version error: assets/scripts/newmonobehaviourscript.cs.meta in SourceAssetDB has modification time of '2025-05-13T19:54:37Z' while content on disk has modification time of '2025-05-13T19:54:38Z'
  ERROR: Build asset version error: assets/scripts/newmonobehaviourscript.cs.meta in SourceAssetDB has modification time of '2025-05-13T19:54:37Z' while content on disk has modification time of '2025-05-13T19:54:38Z'
Number of updated asset objects reloaded before import = 0Number of asset objects unloaded after import = 0

========================================================================
Received Import Request.
  Time since last request: 0.199126 seconds.
  path: Assets/Scripts/NewMonoBehaviourScript.cs
  artifactKey: Guid(af0e52a9320367542ae4b1da2c2a6f23) Importer(815301076,1909f56bfc062723c751e8b465ee728b)
Start importing Assets/Scripts/NewMonoBehaviourScript.cs using Guid(af0e52a9320367542ae4b1da2c2a6f23) Importer(815301076,1909f56bfc062723c751e8b465ee728b) (PreviewImporter) -> (artifact id: '00000000000000000000000000000000') in 0.0004239 seconds
Import Error Code:(4)
Message: Build asset version error: assets/scripts/newmonobehaviourscript.cs.meta in SourceAssetDB has modification time of '2025-05-13T19:54:37Z' while content on disk has modification time of '2025-05-13T19:54:38Z'
  ERROR: Build asset version error: assets/scripts/newmonobehaviourscript.cs.meta in SourceAssetDB has modification time of '2025-05-13T19:54:37Z' while content on disk has modification time of '2025-05-13T19:54:38Z'
Number of updated asset objects reloaded before import = 0Number of asset objects unloaded after import = 0

========================================================================
Received Import Request.
  Time since last request: 0.199699 seconds.
  path: Assets/Scripts/NewMonoBehaviourScript.cs
  artifactKey: Guid(af0e52a9320367542ae4b1da2c2a6f23) Importer(815301076,1909f56bfc062723c751e8b465ee728b)
Start importing Assets/Scripts/NewMonoBehaviourScript.cs using Guid(af0e52a9320367542ae4b1da2c2a6f23) Importer(815301076,1909f56bfc062723c751e8b465ee728b) (PreviewImporter) -> (artifact id: '00000000000000000000000000000000') in 0.0005544 seconds
Import Error Code:(4)
Message: Build asset version error: assets/scripts/newmonobehaviourscript.cs.meta in SourceAssetDB has modification time of '2025-05-13T19:54:37Z' while content on disk has modification time of '2025-05-13T19:54:38Z'
  ERROR: Build asset version error: assets/scripts/newmonobehaviourscript.cs.meta in SourceAssetDB has modification time of '2025-05-13T19:54:37Z' while content on disk has modification time of '2025-05-13T19:54:38Z'
Number of updated asset objects reloaded before import = 0Number of asset objects unloaded after import = 0

========================================================================
Received Import Request.
  Time since last request: 0.198570 seconds.
  path: Assets/Scripts/NewMonoBehaviourScript.cs
  artifactKey: Guid(af0e52a9320367542ae4b1da2c2a6f23) Importer(815301076,1909f56bfc062723c751e8b465ee728b)
Start importing Assets/Scripts/NewMonoBehaviourScript.cs using Guid(af0e52a9320367542ae4b1da2c2a6f23) Importer(815301076,1909f56bfc062723c751e8b465ee728b) (PreviewImporter) -> (artifact id: '00000000000000000000000000000000') in 0.0004242 seconds
Import Error Code:(4)
Message: Build asset version error: assets/scripts/newmonobehaviourscript.cs.meta in SourceAssetDB has modification time of '2025-05-13T19:54:37Z' while content on disk has modification time of '2025-05-13T19:54:38Z'
  ERROR: Build asset version error: assets/scripts/newmonobehaviourscript.cs.meta in SourceAssetDB has modification time of '2025-05-13T19:54:37Z' while content on disk has modification time of '2025-05-13T19:54:38Z'
Number of updated asset objects reloaded before import = 0Number of asset objects unloaded after import = 0

========================================================================
Received Import Request.
  Time since last request: 0.199349 seconds.
  path: Assets/Scripts/NewMonoBehaviourScript.cs
  artifactKey: Guid(af0e52a9320367542ae4b1da2c2a6f23) Importer(815301076,1909f56bfc062723c751e8b465ee728b)
Start importing Assets/Scripts/NewMonoBehaviourScript.cs using Guid(af0e52a9320367542ae4b1da2c2a6f23) Importer(815301076,1909f56bfc062723c751e8b465ee728b) (PreviewImporter) -> (artifact id: '00000000000000000000000000000000') in 0.0004664 seconds
Import Error Code:(4)
Message: Build asset version error: assets/scripts/newmonobehaviourscript.cs.meta in SourceAssetDB has modification time of '2025-05-13T19:54:37Z' while content on disk has modification time of '2025-05-13T19:54:38Z'
  ERROR: Build asset version error: assets/scripts/newmonobehaviourscript.cs.meta in SourceAssetDB has modification time of '2025-05-13T19:54:37Z' while content on disk has modification time of '2025-05-13T19:54:38Z'
Number of updated asset objects reloaded before import = 0Number of asset objects unloaded after import = 0

========================================================================
Received Import Request.
  Time since last request: 0.198952 seconds.
  path: Assets/Scripts/NewMonoBehaviourScript.cs
  artifactKey: Guid(af0e52a9320367542ae4b1da2c2a6f23) Importer(815301076,1909f56bfc062723c751e8b465ee728b)
Start importing Assets/Scripts/NewMonoBehaviourScript.cs using Guid(af0e52a9320367542ae4b1da2c2a6f23) Importer(815301076,1909f56bfc062723c751e8b465ee728b) (PreviewImporter) -> (artifact id: '00000000000000000000000000000000') in 0.00063 seconds
Import Error Code:(4)
Message: Build asset version error: assets/scripts/newmonobehaviourscript.cs.meta in SourceAssetDB has modification time of '2025-05-13T19:54:37Z' while content on disk has modification time of '2025-05-13T19:54:38Z'
  ERROR: Build asset version error: assets/scripts/newmonobehaviourscript.cs.meta in SourceAssetDB has modification time of '2025-05-13T19:54:37Z' while content on disk has modification time of '2025-05-13T19:54:38Z'
Number of updated asset objects reloaded before import = 0Number of asset objects unloaded after import = 0

========================================================================
Received Import Request.
  Time since last request: 0.198822 seconds.
  path: Assets/Scripts/NewMonoBehaviourScript.cs
  artifactKey: Guid(af0e52a9320367542ae4b1da2c2a6f23) Importer(815301076,1909f56bfc062723c751e8b465ee728b)
Start importing Assets/Scripts/NewMonoBehaviourScript.cs using Guid(af0e52a9320367542ae4b1da2c2a6f23) Importer(815301076,1909f56bfc062723c751e8b465ee728b) (PreviewImporter) -> (artifact id: '00000000000000000000000000000000') in 0.0004166 seconds
Import Error Code:(4)
Message: Build asset version error: assets/scripts/newmonobehaviourscript.cs.meta in SourceAssetDB has modification time of '2025-05-13T19:54:37Z' while content on disk has modification time of '2025-05-13T19:54:38Z'
  ERROR: Build asset version error: assets/scripts/newmonobehaviourscript.cs.meta in SourceAssetDB has modification time of '2025-05-13T19:54:37Z' while content on disk has modification time of '2025-05-13T19:54:38Z'
Number of updated asset objects reloaded before import = 0Number of asset objects unloaded after import = 0

========================================================================
Received Import Request.
  Time since last request: 0.199252 seconds.
  path: Assets/Scripts/NewMonoBehaviourScript.cs
  artifactKey: Guid(af0e52a9320367542ae4b1da2c2a6f23) Importer(815301076,1909f56bfc062723c751e8b465ee728b)
Start importing Assets/Scripts/NewMonoBehaviourScript.cs using Guid(af0e52a9320367542ae4b1da2c2a6f23) Importer(815301076,1909f56bfc062723c751e8b465ee728b) (PreviewImporter) -> (artifact id: '00000000000000000000000000000000') in 0.0004313 seconds
Import Error Code:(4)
Message: Build asset version error: assets/scripts/newmonobehaviourscript.cs.meta in SourceAssetDB has modification time of '2025-05-13T19:54:37Z' while content on disk has modification time of '2025-05-13T19:54:38Z'
  ERROR: Build asset version error: assets/scripts/newmonobehaviourscript.cs.meta in SourceAssetDB has modification time of '2025-05-13T19:54:37Z' while content on disk has modification time of '2025-05-13T19:54:38Z'
Number of updated asset objects reloaded before import = 0Number of asset objects unloaded after import = 0

========================================================================
Received Import Request.
  Time since last request: 0.199253 seconds.
  path: Assets/Scripts/NewMonoBehaviourScript.cs
  artifactKey: Guid(af0e52a9320367542ae4b1da2c2a6f23) Importer(815301076,1909f56bfc062723c751e8b465ee728b)
Start importing Assets/Scripts/NewMonoBehaviourScript.cs using Guid(af0e52a9320367542ae4b1da2c2a6f23) Importer(815301076,1909f56bfc062723c751e8b465ee728b) (PreviewImporter) -> (artifact id: '00000000000000000000000000000000') in 0.0004263 seconds
Import Error Code:(4)
Message: Build asset version error: assets/scripts/newmonobehaviourscript.cs.meta in SourceAssetDB has modification time of '2025-05-13T19:54:37Z' while content on disk has modification time of '2025-05-13T19:54:38Z'
  ERROR: Build asset version error: assets/scripts/newmonobehaviourscript.cs.meta in SourceAssetDB has modification time of '2025-05-13T19:54:37Z' while content on disk has modification time of '2025-05-13T19:54:38Z'
Number of updated asset objects reloaded before import = 0Number of asset objects unloaded after import = 0

========================================================================
Received Import Request.
  Time since last request: 0.199231 seconds.
  path: Assets/Scripts/NewMonoBehaviourScript.cs
  artifactKey: Guid(af0e52a9320367542ae4b1da2c2a6f23) Importer(815301076,1909f56bfc062723c751e8b465ee728b)
Start importing Assets/Scripts/NewMonoBehaviourScript.cs using Guid(af0e52a9320367542ae4b1da2c2a6f23) Importer(815301076,1909f56bfc062723c751e8b465ee728b) (PreviewImporter) -> (artifact id: '00000000000000000000000000000000') in 0.000406 seconds
Import Error Code:(4)
Message: Build asset version error: assets/scripts/newmonobehaviourscript.cs.meta in SourceAssetDB has modification time of '2025-05-13T19:54:37Z' while content on disk has modification time of '2025-05-13T19:54:38Z'
  ERROR: Build asset version error: assets/scripts/newmonobehaviourscript.cs.meta in SourceAssetDB has modification time of '2025-05-13T19:54:37Z' while content on disk has modification time of '2025-05-13T19:54:38Z'
Number of updated asset objects reloaded before import = 0Number of asset objects unloaded after import = 0

========================================================================
Received Import Request.
  Time since last request: 0.198987 seconds.
  path: Assets/Scripts/NewMonoBehaviourScript.cs
  artifactKey: Guid(af0e52a9320367542ae4b1da2c2a6f23) Importer(815301076,1909f56bfc062723c751e8b465ee728b)
Start importing Assets/Scripts/NewMonoBehaviourScript.cs using Guid(af0e52a9320367542ae4b1da2c2a6f23) Importer(815301076,1909f56bfc062723c751e8b465ee728b) (PreviewImporter) -> (artifact id: '00000000000000000000000000000000') in 0.0010602 seconds
Import Error Code:(4)
Message: Build asset version error: assets/scripts/newmonobehaviourscript.cs.meta in SourceAssetDB has modification time of '2025-05-13T19:54:37Z' while content on disk has modification time of '2025-05-13T19:54:38Z'
  ERROR: Build asset version error: assets/scripts/newmonobehaviourscript.cs.meta in SourceAssetDB has modification time of '2025-05-13T19:54:37Z' while content on disk has modification time of '2025-05-13T19:54:38Z'
Number of updated asset objects reloaded before import = 0Number of asset objects unloaded after import = 0

========================================================================
Received Import Request.
  Time since last request: 0.198603 seconds.
  path: Assets/Scripts/NewMonoBehaviourScript.cs
  artifactKey: Guid(af0e52a9320367542ae4b1da2c2a6f23) Importer(815301076,1909f56bfc062723c751e8b465ee728b)
Start importing Assets/Scripts/NewMonoBehaviourScript.cs using Guid(af0e52a9320367542ae4b1da2c2a6f23) Importer(815301076,1909f56bfc062723c751e8b465ee728b) (PreviewImporter) -> (artifact id: '00000000000000000000000000000000') in 0.0270338 seconds
Import Error Code:(4)
Message: Build asset version error: assets/scripts/newmonobehaviourscript.cs.meta in SourceAssetDB has modification time of '2025-05-13T19:54:37Z' while content on disk has modification time of '2025-05-13T19:54:38Z'
  ERROR: Build asset version error: assets/scripts/newmonobehaviourscript.cs.meta in SourceAssetDB has modification time of '2025-05-13T19:54:37Z' while content on disk has modification time of '2025-05-13T19:54:38Z'
Number of updated asset objects reloaded before import = 0Number of asset objects unloaded after import = 0

========================================================================
Received Import Request.
  Time since last request: 0.172834 seconds.
  path: Assets/Scripts/NewMonoBehaviourScript.cs
  artifactKey: Guid(af0e52a9320367542ae4b1da2c2a6f23) Importer(815301076,1909f56bfc062723c751e8b465ee728b)
Start importing Assets/Scripts/NewMonoBehaviourScript.cs using Guid(af0e52a9320367542ae4b1da2c2a6f23) Importer(815301076,1909f56bfc062723c751e8b465ee728b) (PreviewImporter) -> (artifact id: '00000000000000000000000000000000') in 0.000429 seconds
Import Error Code:(4)
Message: Build asset version error: assets/scripts/newmonobehaviourscript.cs.meta in SourceAssetDB has modification time of '2025-05-13T19:54:37Z' while content on disk has modification time of '2025-05-13T19:54:38Z'
  ERROR: Build asset version error: assets/scripts/newmonobehaviourscript.cs.meta in SourceAssetDB has modification time of '2025-05-13T19:54:37Z' while content on disk has modification time of '2025-05-13T19:54:38Z'
Number of updated asset objects reloaded before import = 0Number of asset objects unloaded after import = 0

========================================================================
Received Import Request.
  Time since last request: 0.198784 seconds.
  path: Assets/Scripts/NewMonoBehaviourScript.cs
  artifactKey: Guid(af0e52a9320367542ae4b1da2c2a6f23) Importer(815301076,1909f56bfc062723c751e8b465ee728b)
Start importing Assets/Scripts/NewMonoBehaviourScript.cs using Guid(af0e52a9320367542ae4b1da2c2a6f23) Importer(815301076,1909f56bfc062723c751e8b465ee728b) (PreviewImporter) -> (artifact id: '00000000000000000000000000000000') in 0.0004351 seconds
Import Error Code:(4)
Message: Build asset version error: assets/scripts/newmonobehaviourscript.cs.meta in SourceAssetDB has modification time of '2025-05-13T19:54:37Z' while content on disk has modification time of '2025-05-13T19:54:38Z'
  ERROR: Build asset version error: assets/scripts/newmonobehaviourscript.cs.meta in SourceAssetDB has modification time of '2025-05-13T19:54:37Z' while content on disk has modification time of '2025-05-13T19:54:38Z'
Number of updated asset objects reloaded before import = 0Number of asset objects unloaded after import = 0

========================================================================
Received Import Request.
  Time since last request: 0.199625 seconds.
  path: Assets/Scripts/NewMonoBehaviourScript.cs
  artifactKey: Guid(af0e52a9320367542ae4b1da2c2a6f23) Importer(815301076,1909f56bfc062723c751e8b465ee728b)
Start importing Assets/Scripts/NewMonoBehaviourScript.cs using Guid(af0e52a9320367542ae4b1da2c2a6f23) Importer(815301076,1909f56bfc062723c751e8b465ee728b) (PreviewImporter) -> (artifact id: '00000000000000000000000000000000') in 0.0004355 seconds
Import Error Code:(4)
Message: Build asset version error: assets/scripts/newmonobehaviourscript.cs.meta in SourceAssetDB has modification time of '2025-05-13T19:54:37Z' while content on disk has modification time of '2025-05-13T19:54:38Z'
  ERROR: Build asset version error: assets/scripts/newmonobehaviourscript.cs.meta in SourceAssetDB has modification time of '2025-05-13T19:54:37Z' while content on disk has modification time of '2025-05-13T19:54:38Z'
Number of updated asset objects reloaded before import = 0Number of asset objects unloaded after import = 0

========================================================================
Received Import Request.
  Time since last request: 0.198559 seconds.
  path: Assets/Scripts/NewMonoBehaviourScript.cs
  artifactKey: Guid(af0e52a9320367542ae4b1da2c2a6f23) Importer(815301076,1909f56bfc062723c751e8b465ee728b)
Start importing Assets/Scripts/NewMonoBehaviourScript.cs using Guid(af0e52a9320367542ae4b1da2c2a6f23) Importer(815301076,1909f56bfc062723c751e8b465ee728b) (PreviewImporter) -> (artifact id: '00000000000000000000000000000000') in 0.0269735 seconds
Import Error Code:(4)
Message: Build asset version error: assets/scripts/newmonobehaviourscript.cs.meta in SourceAssetDB has modification time of '2025-05-13T19:54:37Z' while content on disk has modification time of '2025-05-13T19:54:38Z'
  ERROR: Build asset version error: assets/scripts/newmonobehaviourscript.cs.meta in SourceAssetDB has modification time of '2025-05-13T19:54:37Z' while content on disk has modification time of '2025-05-13T19:54:38Z'
Number of updated asset objects reloaded before import = 0Number of asset objects unloaded after import = 0

========================================================================
Received Import Request.
  Time since last request: 0.172098 seconds.
  path: Assets/Scripts/NewMonoBehaviourScript.cs
  artifactKey: Guid(af0e52a9320367542ae4b1da2c2a6f23) Importer(815301076,1909f56bfc062723c751e8b465ee728b)
Start importing Assets/Scripts/NewMonoBehaviourScript.cs using Guid(af0e52a9320367542ae4b1da2c2a6f23) Importer(815301076,1909f56bfc062723c751e8b465ee728b) (PreviewImporter) -> (artifact id: '00000000000000000000000000000000') in 0.0004434 seconds
Import Error Code:(4)
Message: Build asset version error: assets/scripts/newmonobehaviourscript.cs.meta in SourceAssetDB has modification time of '2025-05-13T19:54:37Z' while content on disk has modification time of '2025-05-13T19:54:38Z'
  ERROR: Build asset version error: assets/scripts/newmonobehaviourscript.cs.meta in SourceAssetDB has modification time of '2025-05-13T19:54:37Z' while content on disk has modification time of '2025-05-13T19:54:38Z'
Number of updated asset objects reloaded before import = 0Number of asset objects unloaded after import = 0

========================================================================
Received Import Request.
  Time since last request: 0.199003 seconds.
  path: Assets/Scripts/NewMonoBehaviourScript.cs
  artifactKey: Guid(af0e52a9320367542ae4b1da2c2a6f23) Importer(815301076,1909f56bfc062723c751e8b465ee728b)
Start importing Assets/Scripts/NewMonoBehaviourScript.cs using Guid(af0e52a9320367542ae4b1da2c2a6f23) Importer(815301076,1909f56bfc062723c751e8b465ee728b) (PreviewImporter) -> (artifact id: '00000000000000000000000000000000') in 0.0004556 seconds
Import Error Code:(4)
Message: Build asset version error: assets/scripts/newmonobehaviourscript.cs.meta in SourceAssetDB has modification time of '2025-05-13T19:54:37Z' while content on disk has modification time of '2025-05-13T19:54:38Z'
  ERROR: Build asset version error: assets/scripts/newmonobehaviourscript.cs.meta in SourceAssetDB has modification time of '2025-05-13T19:54:37Z' while content on disk has modification time of '2025-05-13T19:54:38Z'
Number of updated asset objects reloaded before import = 0Number of asset objects unloaded after import = 0

========================================================================
Received Import Request.
  Time since last request: 0.199059 seconds.
  path: Assets/Scripts/NewMonoBehaviourScript.cs
  artifactKey: Guid(af0e52a9320367542ae4b1da2c2a6f23) Importer(815301076,1909f56bfc062723c751e8b465ee728b)
Start importing Assets/Scripts/NewMonoBehaviourScript.cs using Guid(af0e52a9320367542ae4b1da2c2a6f23) Importer(815301076,1909f56bfc062723c751e8b465ee728b) (PreviewImporter) -> (artifact id: '00000000000000000000000000000000') in 0.0004169 seconds
Import Error Code:(4)
Message: Build asset version error: assets/scripts/newmonobehaviourscript.cs.meta in SourceAssetDB has modification time of '2025-05-13T19:54:37Z' while content on disk has modification time of '2025-05-13T19:54:38Z'
  ERROR: Build asset version error: assets/scripts/newmonobehaviourscript.cs.meta in SourceAssetDB has modification time of '2025-05-13T19:54:37Z' while content on disk has modification time of '2025-05-13T19:54:38Z'
Number of updated asset objects reloaded before import = 0Number of asset objects unloaded after import = 0

========================================================================
Received Import Request.
  Time since last request: 0.199343 seconds.
  path: Assets/Scripts/NewMonoBehaviourScript.cs
  artifactKey: Guid(af0e52a9320367542ae4b1da2c2a6f23) Importer(815301076,1909f56bfc062723c751e8b465ee728b)
Start importing Assets/Scripts/NewMonoBehaviourScript.cs using Guid(af0e52a9320367542ae4b1da2c2a6f23) Importer(815301076,1909f56bfc062723c751e8b465ee728b) (PreviewImporter) -> (artifact id: '00000000000000000000000000000000') in 0.0004259 seconds
Import Error Code:(4)
Message: Build asset version error: assets/scripts/newmonobehaviourscript.cs.meta in SourceAssetDB has modification time of '2025-05-13T19:54:37Z' while content on disk has modification time of '2025-05-13T19:54:38Z'
  ERROR: Build asset version error: assets/scripts/newmonobehaviourscript.cs.meta in SourceAssetDB has modification time of '2025-05-13T19:54:37Z' while content on disk has modification time of '2025-05-13T19:54:38Z'
Number of updated asset objects reloaded before import = 0Number of asset objects unloaded after import = 0

========================================================================
Received Import Request.
  Time since last request: 0.198870 seconds.
  path: Assets/Scripts/NewMonoBehaviourScript.cs
  artifactKey: Guid(af0e52a9320367542ae4b1da2c2a6f23) Importer(815301076,1909f56bfc062723c751e8b465ee728b)
Start importing Assets/Scripts/NewMonoBehaviourScript.cs using Guid(af0e52a9320367542ae4b1da2c2a6f23) Importer(815301076,1909f56bfc062723c751e8b465ee728b) (PreviewImporter) -> (artifact id: '00000000000000000000000000000000') in 0.0008855 seconds
Import Error Code:(4)
Message: Build asset version error: assets/scripts/newmonobehaviourscript.cs.meta in SourceAssetDB has modification time of '2025-05-13T19:54:37Z' while content on disk has modification time of '2025-05-13T19:54:38Z'
  ERROR: Build asset version error: assets/scripts/newmonobehaviourscript.cs.meta in SourceAssetDB has modification time of '2025-05-13T19:54:37Z' while content on disk has modification time of '2025-05-13T19:54:38Z'
Number of updated asset objects reloaded before import = 0Number of asset objects unloaded after import = 0

========================================================================
Received Import Request.
  Time since last request: 0.198655 seconds.
  path: Assets/Scripts/NewMonoBehaviourScript.cs
  artifactKey: Guid(af0e52a9320367542ae4b1da2c2a6f23) Importer(815301076,1909f56bfc062723c751e8b465ee728b)
Start importing Assets/Scripts/NewMonoBehaviourScript.cs using Guid(af0e52a9320367542ae4b1da2c2a6f23) Importer(815301076,1909f56bfc062723c751e8b465ee728b) (PreviewImporter) -> (artifact id: '00000000000000000000000000000000') in 0.0004341 seconds
Import Error Code:(4)
Message: Build asset version error: assets/scripts/newmonobehaviourscript.cs.meta in SourceAssetDB has modification time of '2025-05-13T19:54:37Z' while content on disk has modification time of '2025-05-13T19:54:38Z'
  ERROR: Build asset version error: assets/scripts/newmonobehaviourscript.cs.meta in SourceAssetDB has modification time of '2025-05-13T19:54:37Z' while content on disk has modification time of '2025-05-13T19:54:38Z'
Number of updated asset objects reloaded before import = 0Number of asset objects unloaded after import = 0

========================================================================
Received Import Request.
  Time since last request: 0.199271 seconds.
  path: Assets/Scripts/NewMonoBehaviourScript.cs
  artifactKey: Guid(af0e52a9320367542ae4b1da2c2a6f23) Importer(815301076,1909f56bfc062723c751e8b465ee728b)
Start importing Assets/Scripts/NewMonoBehaviourScript.cs using Guid(af0e52a9320367542ae4b1da2c2a6f23) Importer(815301076,1909f56bfc062723c751e8b465ee728b) (PreviewImporter) -> (artifact id: '00000000000000000000000000000000') in 0.0004361 seconds
Import Error Code:(4)
Message: Build asset version error: assets/scripts/newmonobehaviourscript.cs.meta in SourceAssetDB has modification time of '2025-05-13T19:54:37Z' while content on disk has modification time of '2025-05-13T19:54:38Z'
  ERROR: Build asset version error: assets/scripts/newmonobehaviourscript.cs.meta in SourceAssetDB has modification time of '2025-05-13T19:54:37Z' while content on disk has modification time of '2025-05-13T19:54:38Z'
Number of updated asset objects reloaded before import = 0Number of asset objects unloaded after import = 0

========================================================================
Received Import Request.
  Time since last request: 0.199743 seconds.
  path: Assets/Scripts/NewMonoBehaviourScript.cs
  artifactKey: Guid(af0e52a9320367542ae4b1da2c2a6f23) Importer(815301076,1909f56bfc062723c751e8b465ee728b)
Start importing Assets/Scripts/NewMonoBehaviourScript.cs using Guid(af0e52a9320367542ae4b1da2c2a6f23) Importer(815301076,1909f56bfc062723c751e8b465ee728b) (PreviewImporter) -> (artifact id: '00000000000000000000000000000000') in 0.0004361 seconds
Import Error Code:(4)
Message: Build asset version error: assets/scripts/newmonobehaviourscript.cs.meta in SourceAssetDB has modification time of '2025-05-13T19:54:37Z' while content on disk has modification time of '2025-05-13T19:54:38Z'
  ERROR: Build asset version error: assets/scripts/newmonobehaviourscript.cs.meta in SourceAssetDB has modification time of '2025-05-13T19:54:37Z' while content on disk has modification time of '2025-05-13T19:54:38Z'
Number of updated asset objects reloaded before import = 0Number of asset objects unloaded after import = 0

========================================================================
Received Import Request.
  Time since last request: 0.198807 seconds.
  path: Assets/Scripts/NewMonoBehaviourScript.cs
  artifactKey: Guid(af0e52a9320367542ae4b1da2c2a6f23) Importer(815301076,1909f56bfc062723c751e8b465ee728b)
Start importing Assets/Scripts/NewMonoBehaviourScript.cs using Guid(af0e52a9320367542ae4b1da2c2a6f23) Importer(815301076,1909f56bfc062723c751e8b465ee728b) (PreviewImporter) -> (artifact id: '00000000000000000000000000000000') in 0.0004585 seconds
Import Error Code:(4)
Message: Build asset version error: assets/scripts/newmonobehaviourscript.cs.meta in SourceAssetDB has modification time of '2025-05-13T19:54:37Z' while content on disk has modification time of '2025-05-13T19:54:38Z'
  ERROR: Build asset version error: assets/scripts/newmonobehaviourscript.cs.meta in SourceAssetDB has modification time of '2025-05-13T19:54:37Z' while content on disk has modification time of '2025-05-13T19:54:38Z'
Number of updated asset objects reloaded before import = 0Number of asset objects unloaded after import = 0

========================================================================
Received Import Request.
  Time since last request: 0.198644 seconds.
  path: Assets/Scripts/NewMonoBehaviourScript.cs
  artifactKey: Guid(af0e52a9320367542ae4b1da2c2a6f23) Importer(815301076,1909f56bfc062723c751e8b465ee728b)
Start importing Assets/Scripts/NewMonoBehaviourScript.cs using Guid(af0e52a9320367542ae4b1da2c2a6f23) Importer(815301076,1909f56bfc062723c751e8b465ee728b) (PreviewImporter) -> (artifact id: '00000000000000000000000000000000') in 0.0008287 seconds
Import Error Code:(4)
Message: Build asset version error: assets/scripts/newmonobehaviourscript.cs.meta in SourceAssetDB has modification time of '2025-05-13T19:54:37Z' while content on disk has modification time of '2025-05-13T19:54:38Z'
  ERROR: Build asset version error: assets/scripts/newmonobehaviourscript.cs.meta in SourceAssetDB has modification time of '2025-05-13T19:54:37Z' while content on disk has modification time of '2025-05-13T19:54:38Z'
Number of updated asset objects reloaded before import = 0Number of asset objects unloaded after import = 0

========================================================================
Received Import Request.
  Time since last request: 0.198814 seconds.
  path: Assets/Scripts/NewMonoBehaviourScript.cs
  artifactKey: Guid(af0e52a9320367542ae4b1da2c2a6f23) Importer(815301076,1909f56bfc062723c751e8b465ee728b)
Start importing Assets/Scripts/NewMonoBehaviourScript.cs using Guid(af0e52a9320367542ae4b1da2c2a6f23) Importer(815301076,1909f56bfc062723c751e8b465ee728b) (PreviewImporter) -> (artifact id: '00000000000000000000000000000000') in 0.0005514 seconds
Import Error Code:(4)
Message: Build asset version error: assets/scripts/newmonobehaviourscript.cs.meta in SourceAssetDB has modification time of '2025-05-13T19:54:37Z' while content on disk has modification time of '2025-05-13T19:54:38Z'
  ERROR: Build asset version error: assets/scripts/newmonobehaviourscript.cs.meta in SourceAssetDB has modification time of '2025-05-13T19:54:37Z' while content on disk has modification time of '2025-05-13T19:54:38Z'
Number of updated asset objects reloaded before import = 0Number of asset objects unloaded after import = 0

========================================================================
Received Import Request.
  Time since last request: 0.198827 seconds.
  path: Assets/Scripts/NewMonoBehaviourScript.cs
  artifactKey: Guid(af0e52a9320367542ae4b1da2c2a6f23) Importer(815301076,1909f56bfc062723c751e8b465ee728b)
Start importing Assets/Scripts/NewMonoBehaviourScript.cs using Guid(af0e52a9320367542ae4b1da2c2a6f23) Importer(815301076,1909f56bfc062723c751e8b465ee728b) (PreviewImporter) -> (artifact id: '00000000000000000000000000000000') in 0.0004347 seconds
Import Error Code:(4)
Message: Build asset version error: assets/scripts/newmonobehaviourscript.cs.meta in SourceAssetDB has modification time of '2025-05-13T19:54:37Z' while content on disk has modification time of '2025-05-13T19:54:38Z'
  ERROR: Build asset version error: assets/scripts/newmonobehaviourscript.cs.meta in SourceAssetDB has modification time of '2025-05-13T19:54:37Z' while content on disk has modification time of '2025-05-13T19:54:38Z'
Number of updated asset objects reloaded before import = 0Number of asset objects unloaded after import = 0

========================================================================
Received Import Request.
  Time since last request: 0.199865 seconds.
  path: Assets/Scripts/NewMonoBehaviourScript.cs
  artifactKey: Guid(af0e52a9320367542ae4b1da2c2a6f23) Importer(815301076,1909f56bfc062723c751e8b465ee728b)
Start importing Assets/Scripts/NewMonoBehaviourScript.cs using Guid(af0e52a9320367542ae4b1da2c2a6f23) Importer(815301076,1909f56bfc062723c751e8b465ee728b) (PreviewImporter) -> (artifact id: '00000000000000000000000000000000') in 0.0004318 seconds
Import Error Code:(4)
Message: Build asset version error: assets/scripts/newmonobehaviourscript.cs.meta in SourceAssetDB has modification time of '2025-05-13T19:54:37Z' while content on disk has modification time of '2025-05-13T19:54:38Z'
  ERROR: Build asset version error: assets/scripts/newmonobehaviourscript.cs.meta in SourceAssetDB has modification time of '2025-05-13T19:54:37Z' while content on disk has modification time of '2025-05-13T19:54:38Z'
Number of updated asset objects reloaded before import = 0Number of asset objects unloaded after import = 0

========================================================================
Received Import Request.
  Time since last request: 0.198597 seconds.
  path: Assets/Scripts/NewMonoBehaviourScript.cs
  artifactKey: Guid(af0e52a9320367542ae4b1da2c2a6f23) Importer(815301076,1909f56bfc062723c751e8b465ee728b)
Start importing Assets/Scripts/NewMonoBehaviourScript.cs using Guid(af0e52a9320367542ae4b1da2c2a6f23) Importer(815301076,1909f56bfc062723c751e8b465ee728b) (PreviewImporter) -> (artifact id: '00000000000000000000000000000000') in 0.0004156 seconds
Import Error Code:(4)
Message: Build asset version error: assets/scripts/newmonobehaviourscript.cs.meta in SourceAssetDB has modification time of '2025-05-13T19:54:37Z' while content on disk has modification time of '2025-05-13T19:54:38Z'
  ERROR: Build asset version error: assets/scripts/newmonobehaviourscript.cs.meta in SourceAssetDB has modification time of '2025-05-13T19:54:37Z' while content on disk has modification time of '2025-05-13T19:54:38Z'
Number of updated asset objects reloaded before import = 0Number of asset objects unloaded after import = 0

========================================================================
Received Import Request.
  Time since last request: 0.199063 seconds.
  path: Assets/Scripts/NewMonoBehaviourScript.cs
  artifactKey: Guid(af0e52a9320367542ae4b1da2c2a6f23) Importer(815301076,1909f56bfc062723c751e8b465ee728b)
Start importing Assets/Scripts/NewMonoBehaviourScript.cs using Guid(af0e52a9320367542ae4b1da2c2a6f23) Importer(815301076,1909f56bfc062723c751e8b465ee728b) (PreviewImporter) -> (artifact id: '00000000000000000000000000000000') in 0.0007829 seconds
Import Error Code:(4)
Message: Build asset version error: assets/scripts/newmonobehaviourscript.cs.meta in SourceAssetDB has modification time of '2025-05-13T19:54:37Z' while content on disk has modification time of '2025-05-13T19:54:38Z'
  ERROR: Build asset version error: assets/scripts/newmonobehaviourscript.cs.meta in SourceAssetDB has modification time of '2025-05-13T19:54:37Z' while content on disk has modification time of '2025-05-13T19:54:38Z'
Number of updated asset objects reloaded before import = 0Number of asset objects unloaded after import = 0

========================================================================
Received Prepare
Begin MonoManager ReloadAssembly
- Loaded All Assemblies, in  0.734 seconds
Refreshing native plugins compatible for Editor in 0.85 ms, found 3 plugins.
Native extension for WindowsStandalone target not found
Native extension for WebGL target not found
Mono: successfully reloaded assembly
- Finished resetting the current domain, in  0.583 seconds
Domain Reload Profiling: 1315ms
	BeginReloadAssembly (220ms)
		ExecutionOrderSort (0ms)
		DisableScriptedObjects (7ms)
		BackupInstance (0ms)
		ReleaseScriptingObjects (0ms)
		CreateAndSetChildDomain (42ms)
	RebuildCommonClasses (40ms)
	RebuildNativeTypeToScriptingClass (14ms)
	initialDomainReloadingComplete (39ms)
	LoadAllAssembliesAndSetupDomain (418ms)
		LoadAssemblies (360ms)
		RebuildTransferFunctionScriptingTraits (0ms)
		AnalyzeDomain (174ms)
			TypeCache.Refresh (13ms)
				TypeCache.ScanAssembly (0ms)
			BuildScriptInfoCaches (153ms)
			ResolveRequiredComponents (5ms)
	FinalizeReload (583ms)
		ReleaseScriptCaches (0ms)
		RebuildScriptCaches (0ms)
		SetupLoadedEditorAssemblies (465ms)
			LogAssemblyErrors (0ms)
			InitializePlatformSupportModulesInManaged (2ms)
			SetLoadedEditorAssemblies (4ms)
			BeforeProcessingInitializeOnLoad (106ms)
			ProcessInitializeOnLoadAttributes (318ms)
			ProcessInitializeOnLoadMethodAttributes (26ms)
			AfterProcessingInitializeOnLoad (8ms)
			EditorAssembliesLoaded (0ms)
		ExecutionOrderSort2 (0ms)
		AwakeInstancesAfterBackupRestoration (6ms)
Refreshing native plugins compatible for Editor in 0.74 ms, found 3 plugins.
Preloading 0 native plugins for Editor in 0.00 ms.
Unloading 0 Unused Serialized files (Serialized files now loaded: 0)
Unloading 3718 unused Assets / (0.9 MB). Loaded Objects now: 4273.
Memory consumption went from 89.9 MB to 89.0 MB.
Total: 6.581000 ms (FindLiveObjects: 0.535700 ms CreateObjectMapping: 0.471500 ms MarkObjects: 4.449500 ms  DeleteObjects: 1.123200 ms)

Prepare: number of updated asset objects reloaded= 0
========================================================================
Received Import Request.
  Time since last request: 4.950620 seconds.
  path: Assets/Scripts/NewMonoBehaviourScript.cs
  artifactKey: Guid(af0e52a9320367542ae4b1da2c2a6f23) Importer(815301076,1909f56bfc062723c751e8b465ee728b)
Start importing Assets/Scripts/NewMonoBehaviourScript.cs using Guid(af0e52a9320367542ae4b1da2c2a6f23) Importer(815301076,1909f56bfc062723c751e8b465ee728b) (PreviewImporter) -> (artifact id: '00000000000000000000000000000000') in 0.0013006 seconds
Import Error Code:(4)
Message: Build asset version error: assets/scripts/newmonobehaviourscript.cs.meta in SourceAssetDB has modification time of '2025-05-13T19:54:37Z' while content on disk has modification time of '2025-05-13T19:54:38Z'
  ERROR: Build asset version error: assets/scripts/newmonobehaviourscript.cs.meta in SourceAssetDB has modification time of '2025-05-13T19:54:37Z' while content on disk has modification time of '2025-05-13T19:54:38Z'
Number of updated asset objects reloaded before import = 0Number of asset objects unloaded after import = 0

========================================================================
Received Import Request.
  Time since last request: 0.141260 seconds.
  path: Assets/Scripts/NewMonoBehaviourScript.cs
  artifactKey: Guid(af0e52a9320367542ae4b1da2c2a6f23) Importer(815301076,1909f56bfc062723c751e8b465ee728b)
Start importing Assets/Scripts/NewMonoBehaviourScript.cs using Guid(af0e52a9320367542ae4b1da2c2a6f23) Importer(815301076,1909f56bfc062723c751e8b465ee728b) (PreviewImporter) -> (artifact id: '00000000000000000000000000000000') in 0.0004573 seconds
Import Error Code:(4)
Message: Build asset version error: assets/scripts/newmonobehaviourscript.cs.meta in SourceAssetDB has modification time of '2025-05-13T19:54:37Z' while content on disk has modification time of '2025-05-13T19:54:38Z'
  ERROR: Build asset version error: assets/scripts/newmonobehaviourscript.cs.meta in SourceAssetDB has modification time of '2025-05-13T19:54:37Z' while content on disk has modification time of '2025-05-13T19:54:38Z'
Number of updated asset objects reloaded before import = 0Number of asset objects unloaded after import = 0

========================================================================
Received Import Request.
  Time since last request: 0.239305 seconds.
  path: Assets/Scripts/NewMonoBehaviourScript.cs
  artifactKey: Guid(af0e52a9320367542ae4b1da2c2a6f23) Importer(815301076,1909f56bfc062723c751e8b465ee728b)
Start importing Assets/Scripts/NewMonoBehaviourScript.cs using Guid(af0e52a9320367542ae4b1da2c2a6f23) Importer(815301076,1909f56bfc062723c751e8b465ee728b) (PreviewImporter) -> (artifact id: '1e7e4bb4e313eca983891faece4b821b') in 0.0013886 seconds
Number of updated asset objects reloaded before import = 0Number of asset objects unloaded after import = 0

========================================================================
Received Prepare
Refreshing native plugins compatible for Editor in 1.21 ms, found 3 plugins.
Preloading 0 native plugins for Editor in 0.00 ms.
Unloading 0 Unused Serialized files (Serialized files now loaded: 0)
Unloading 3711 unused Assets / (1.0 MB). Loaded Objects now: 4273.
Memory consumption went from 90.0 MB to 89.1 MB.
Total: 6.640000 ms (FindLiveObjects: 0.627100 ms CreateObjectMapping: 0.932800 ms MarkObjects: 3.837000 ms  DeleteObjects: 1.242300 ms)

Prepare: number of updated asset objects reloaded= 0
========================================================================
Received Import Request.
  Time since last request: 14.561622 seconds.
  path: Assets/Scripts/UIManager.cs
  artifactKey: Guid(af0e52a9320367542ae4b1da2c2a6f23) Importer(815301076,1909f56bfc062723c751e8b465ee728b)
Start importing Assets/Scripts/UIManager.cs using Guid(af0e52a9320367542ae4b1da2c2a6f23) Importer(815301076,1909f56bfc062723c751e8b465ee728b) (PreviewImporter) -> (artifact id: 'e35f16be3bc1a5ba76652019f623948f') in 0.0006121 seconds
Number of updated asset objects reloaded before import = 0Number of asset objects unloaded after import = 0

========================================================================
Received Prepare
Begin MonoManager ReloadAssembly
- Loaded All Assemblies, in  0.865 seconds
Refreshing native plugins compatible for Editor in 0.75 ms, found 3 plugins.
Native extension for WindowsStandalone target not found
Native extension for WebGL target not found
Mono: successfully reloaded assembly
- Finished resetting the current domain, in  0.713 seconds
Domain Reload Profiling: 1575ms
	BeginReloadAssembly (257ms)
		ExecutionOrderSort (0ms)
		DisableScriptedObjects (7ms)
		BackupInstance (0ms)
		ReleaseScriptingObjects (0ms)
		CreateAndSetChildDomain (51ms)
	RebuildCommonClasses (46ms)
	RebuildNativeTypeToScriptingClass (17ms)
	initialDomainReloadingComplete (36ms)
	LoadAllAssembliesAndSetupDomain (506ms)
		LoadAssemblies (437ms)
		RebuildTransferFunctionScriptingTraits (0ms)
		AnalyzeDomain (213ms)
			TypeCache.Refresh (21ms)
				TypeCache.ScanAssembly (0ms)
			BuildScriptInfoCaches (182ms)
			ResolveRequiredComponents (5ms)
	FinalizeReload (714ms)
		ReleaseScriptCaches (0ms)
		RebuildScriptCaches (0ms)
		SetupLoadedEditorAssemblies (565ms)
			LogAssemblyErrors (0ms)
			InitializePlatformSupportModulesInManaged (3ms)
			SetLoadedEditorAssemblies (7ms)
			BeforeProcessingInitializeOnLoad (119ms)
			ProcessInitializeOnLoadAttributes (396ms)
			ProcessInitializeOnLoadMethodAttributes (32ms)
			AfterProcessingInitializeOnLoad (8ms)
			EditorAssembliesLoaded (0ms)
		ExecutionOrderSort2 (0ms)
		AwakeInstancesAfterBackupRestoration (10ms)
Refreshing native plugins compatible for Editor in 1.12 ms, found 3 plugins.
Preloading 0 native plugins for Editor in 0.00 ms.
Unloading 0 Unused Serialized files (Serialized files now loaded: 0)
Unloading 3718 unused Assets / (1.2 MB). Loaded Objects now: 4273.
Memory consumption went from 89.9 MB to 88.7 MB.
Total: 11.147800 ms (FindLiveObjects: 1.232200 ms CreateObjectMapping: 1.212900 ms MarkObjects: 6.798600 ms  DeleteObjects: 1.902700 ms)

Prepare: number of updated asset objects reloaded= 0
========================================================================
Received Prepare
Refreshing native plugins compatible for Editor in 0.74 ms, found 3 plugins.
Preloading 0 native plugins for Editor in 0.00 ms.
Unloading 0 Unused Serialized files (Serialized files now loaded: 0)
Unloading 3711 unused Assets / (0.9 MB). Loaded Objects now: 4273.
Memory consumption went from 90.7 MB to 89.8 MB.
Total: 8.160500 ms (FindLiveObjects: 0.825000 ms CreateObjectMapping: 0.791600 ms MarkObjects: 5.408800 ms  DeleteObjects: 1.133600 ms)

Prepare: number of updated asset objects reloaded= 0
========================================================================
Received Prepare
Refreshing native plugins compatible for Editor in 0.72 ms, found 3 plugins.
Preloading 0 native plugins for Editor in 0.00 ms.
Unloading 0 Unused Serialized files (Serialized files now loaded: 0)
Unloading 3711 unused Assets / (1.0 MB). Loaded Objects now: 4273.
Memory consumption went from 91.4 MB to 90.4 MB.
Total: 9.068700 ms (FindLiveObjects: 0.482600 ms CreateObjectMapping: 0.646400 ms MarkObjects: 6.768500 ms  DeleteObjects: 1.170100 ms)

Prepare: number of updated asset objects reloaded= 0
========================================================================
Received Prepare
Begin MonoManager ReloadAssembly
- Loaded All Assemblies, in  0.757 seconds
Refreshing native plugins compatible for Editor in 0.72 ms, found 3 plugins.
Native extension for WindowsStandalone target not found
Native extension for WebGL target not found
Mono: successfully reloaded assembly
- Finished resetting the current domain, in  0.588 seconds
Domain Reload Profiling: 1343ms
	BeginReloadAssembly (222ms)
		ExecutionOrderSort (0ms)
		DisableScriptedObjects (9ms)
		BackupInstance (0ms)
		ReleaseScriptingObjects (0ms)
		CreateAndSetChildDomain (43ms)
	RebuildCommonClasses (44ms)
	RebuildNativeTypeToScriptingClass (16ms)
	initialDomainReloadingComplete (31ms)
	LoadAllAssembliesAndSetupDomain (443ms)
		LoadAssemblies (375ms)
		RebuildTransferFunctionScriptingTraits (0ms)
		AnalyzeDomain (185ms)
			TypeCache.Refresh (18ms)
				TypeCache.ScanAssembly (0ms)
			BuildScriptInfoCaches (158ms)
			ResolveRequiredComponents (5ms)
	FinalizeReload (589ms)
		ReleaseScriptCaches (0ms)
		RebuildScriptCaches (0ms)
		SetupLoadedEditorAssemblies (456ms)
			LogAssemblyErrors (0ms)
			InitializePlatformSupportModulesInManaged (2ms)
			SetLoadedEditorAssemblies (4ms)
			BeforeProcessingInitializeOnLoad (101ms)
			ProcessInitializeOnLoadAttributes (314ms)
			ProcessInitializeOnLoadMethodAttributes (26ms)
			AfterProcessingInitializeOnLoad (8ms)
			EditorAssembliesLoaded (0ms)
		ExecutionOrderSort2 (0ms)
		AwakeInstancesAfterBackupRestoration (6ms)
Refreshing native plugins compatible for Editor in 0.73 ms, found 3 plugins.
Preloading 0 native plugins for Editor in 0.00 ms.
Unloading 0 Unused Serialized files (Serialized files now loaded: 0)
Unloading 3718 unused Assets / (1.1 MB). Loaded Objects now: 4273.
Memory consumption went from 91.9 MB to 90.8 MB.
Total: 6.600400 ms (FindLiveObjects: 0.551400 ms CreateObjectMapping: 0.596200 ms MarkObjects: 3.928200 ms  DeleteObjects: 1.523800 ms)

Prepare: number of updated asset objects reloaded= 0
========================================================================
Received Import Request.
  Time since last request: 1573.941327 seconds.
  path: ProjectSettings/TagManager.asset
  artifactKey: Guid(00000000000000003000000000000000) Importer(815301076,1909f56bfc062723c751e8b465ee728b)
Start importing ProjectSettings/TagManager.asset using Guid(00000000000000003000000000000000) Importer(815301076,1909f56bfc062723c751e8b465ee728b) (PreviewImporter) -> (artifact id: 'e8842670684a087cefb6f5611b24cee6') in 0.0213293 seconds
Number of updated asset objects reloaded before import = 0Number of asset objects unloaded after import = 0

========================================================================
Received Prepare
Begin MonoManager ReloadAssembly
- Loaded All Assemblies, in  0.714 seconds
Refreshing native plugins compatible for Editor in 0.68 ms, found 3 plugins.
Native extension for WindowsStandalone target not found
Native extension for WebGL target not found
Mono: successfully reloaded assembly
- Finished resetting the current domain, in  0.630 seconds
Domain Reload Profiling: 1341ms
	BeginReloadAssembly (222ms)
		ExecutionOrderSort (0ms)
		DisableScriptedObjects (7ms)
		BackupInstance (0ms)
		ReleaseScriptingObjects (0ms)
		CreateAndSetChildDomain (44ms)
	RebuildCommonClasses (39ms)
	RebuildNativeTypeToScriptingClass (14ms)
	initialDomainReloadingComplete (29ms)
	LoadAllAssembliesAndSetupDomain (406ms)
		LoadAssemblies (369ms)
		RebuildTransferFunctionScriptingTraits (0ms)
		AnalyzeDomain (159ms)
			TypeCache.Refresh (8ms)
				TypeCache.ScanAssembly (0ms)
			BuildScriptInfoCaches (144ms)
			ResolveRequiredComponents (5ms)
	FinalizeReload (630ms)
		ReleaseScriptCaches (0ms)
		RebuildScriptCaches (0ms)
		SetupLoadedEditorAssemblies (496ms)
			LogAssemblyErrors (0ms)
			InitializePlatformSupportModulesInManaged (3ms)
			SetLoadedEditorAssemblies (4ms)
			BeforeProcessingInitializeOnLoad (113ms)
			ProcessInitializeOnLoadAttributes (339ms)
			ProcessInitializeOnLoadMethodAttributes (29ms)
			AfterProcessingInitializeOnLoad (8ms)
			EditorAssembliesLoaded (0ms)
		ExecutionOrderSort2 (0ms)
		AwakeInstancesAfterBackupRestoration (6ms)
Refreshing native plugins compatible for Editor in 0.77 ms, found 3 plugins.
Preloading 0 native plugins for Editor in 0.00 ms.
Unloading 0 Unused Serialized files (Serialized files now loaded: 0)
Unloading 3719 unused Assets / (1.0 MB). Loaded Objects now: 4273.
Memory consumption went from 89.9 MB to 88.9 MB.
Total: 7.533800 ms (FindLiveObjects: 0.450000 ms CreateObjectMapping: 0.642200 ms MarkObjects: 4.612500 ms  DeleteObjects: 1.828100 ms)

Prepare: number of updated asset objects reloaded= 0
========================================================================
Received Prepare
Begin MonoManager ReloadAssembly
- Loaded All Assemblies, in  0.776 seconds
Refreshing native plugins compatible for Editor in 0.68 ms, found 3 plugins.
Native extension for WindowsStandalone target not found
Native extension for WebGL target not found
Mono: successfully reloaded assembly
- Finished resetting the current domain, in  0.609 seconds
Domain Reload Profiling: 1383ms
	BeginReloadAssembly (227ms)
		ExecutionOrderSort (0ms)
		DisableScriptedObjects (7ms)
		BackupInstance (0ms)
		ReleaseScriptingObjects (0ms)
		CreateAndSetChildDomain (49ms)
	RebuildCommonClasses (41ms)
	RebuildNativeTypeToScriptingClass (14ms)
	initialDomainReloadingComplete (32ms)
	LoadAllAssembliesAndSetupDomain (459ms)
		LoadAssemblies (421ms)
		RebuildTransferFunctionScriptingTraits (0ms)
		AnalyzeDomain (159ms)
			TypeCache.Refresh (11ms)
				TypeCache.ScanAssembly (0ms)
			BuildScriptInfoCaches (139ms)
			ResolveRequiredComponents (6ms)
	FinalizeReload (610ms)
		ReleaseScriptCaches (0ms)
		RebuildScriptCaches (0ms)
		SetupLoadedEditorAssemblies (465ms)
			LogAssemblyErrors (0ms)
			InitializePlatformSupportModulesInManaged (3ms)
			SetLoadedEditorAssemblies (4ms)
			BeforeProcessingInitializeOnLoad (106ms)
			ProcessInitializeOnLoadAttributes (316ms)
			ProcessInitializeOnLoadMethodAttributes (27ms)
			AfterProcessingInitializeOnLoad (9ms)
			EditorAssembliesLoaded (0ms)
		ExecutionOrderSort2 (0ms)
		AwakeInstancesAfterBackupRestoration (6ms)
Refreshing native plugins compatible for Editor in 0.67 ms, found 3 plugins.
Preloading 0 native plugins for Editor in 0.00 ms.
Unloading 0 Unused Serialized files (Serialized files now loaded: 0)
Unloading 3718 unused Assets / (1.0 MB). Loaded Objects now: 4273.
Memory consumption went from 90.5 MB to 89.5 MB.
Total: 7.418300 ms (FindLiveObjects: 0.531200 ms CreateObjectMapping: 0.478900 ms MarkObjects: 5.232100 ms  DeleteObjects: 1.175400 ms)

Prepare: number of updated asset objects reloaded= 0
========================================================================
Received Prepare
Begin MonoManager ReloadAssembly
- Loaded All Assemblies, in  0.696 seconds
Refreshing native plugins compatible for Editor in 0.72 ms, found 3 plugins.
Native extension for WindowsStandalone target not found
Native extension for WebGL target not found
Mono: successfully reloaded assembly
- Finished resetting the current domain, in  0.619 seconds
Domain Reload Profiling: 1312ms
	BeginReloadAssembly (222ms)
		ExecutionOrderSort (0ms)
		DisableScriptedObjects (10ms)
		BackupInstance (0ms)
		ReleaseScriptingObjects (0ms)
		CreateAndSetChildDomain (51ms)
	RebuildCommonClasses (39ms)
	RebuildNativeTypeToScriptingClass (14ms)
	initialDomainReloadingComplete (34ms)
	LoadAllAssembliesAndSetupDomain (384ms)
		LoadAssemblies (343ms)
		RebuildTransferFunctionScriptingTraits (0ms)
		AnalyzeDomain (151ms)
			TypeCache.Refresh (9ms)
				TypeCache.ScanAssembly (0ms)
			BuildScriptInfoCaches (135ms)
			ResolveRequiredComponents (5ms)
	FinalizeReload (619ms)
		ReleaseScriptCaches (0ms)
		RebuildScriptCaches (0ms)
		SetupLoadedEditorAssemblies (485ms)
			LogAssemblyErrors (0ms)
			InitializePlatformSupportModulesInManaged (3ms)
			SetLoadedEditorAssemblies (4ms)
			BeforeProcessingInitializeOnLoad (112ms)
			ProcessInitializeOnLoadAttributes (330ms)
			ProcessInitializeOnLoadMethodAttributes (27ms)
			AfterProcessingInitializeOnLoad (8ms)
			EditorAssembliesLoaded (0ms)
		ExecutionOrderSort2 (0ms)
		AwakeInstancesAfterBackupRestoration (7ms)
Refreshing native plugins compatible for Editor in 0.83 ms, found 3 plugins.
Preloading 0 native plugins for Editor in 0.00 ms.
Unloading 0 Unused Serialized files (Serialized files now loaded: 0)
Unloading 3718 unused Assets / (1.2 MB). Loaded Objects now: 4273.
Memory consumption went from 91.2 MB to 90.0 MB.
Total: 9.580500 ms (FindLiveObjects: 0.629600 ms CreateObjectMapping: 0.871500 ms MarkObjects: 5.904500 ms  DeleteObjects: 2.173700 ms)

Prepare: number of updated asset objects reloaded= 0
